<?xml version="1.0" encoding="UTF-8"?>
<testsuite xmlns:xsi="http://www.w3.org/2001/XMLSchema-instance" xsi:noNamespaceSchemaLocation="https://maven.apache.org/surefire/maven-surefire-plugin/xsd/surefire-test-report.xsd" name="org.suai.todo.tests.TestModel" time="0.2" tests="3" errors="0" skipped="0" failures="0">
  <properties>
[...]
</properties>
  <testcase name="test1" classname="org.suai.todo.tests.TestModel" time="0.182"/>
  <testcase name="test2" classname="org.suai.todo.tests.TestModel" time="0.008"/>
  <testcase name="test3" classname="org.suai.todo.tests.TestModel" time="0.003"/>
</testsuite>